#
# There is insufficient memory for the Java Runtime Environment to continue.
# Native memory allocation (mmap) failed to map 5435817984 bytes for Failed to commit area from 0x00000001e2000000 to 0x0000000326000000 of length 5435817984.
# Possible reasons:
#   The system is out of physical RAM or swap space
# Possible solutions:
#   Reduce memory load on the system
#   Increase physical memory or swap space
#   Check if swap backing store is full
#   Decrease Java heap size (-Xmx/-Xms)
#   Decrease number of Java threads
#   Decrease Java thread stack sizes (-Xss)
#   Set larger code cache with -XX:ReservedCodeCacheSize=
# This output file may be truncated or incomplete.
#
#  Out of Memory Error (t:/workspace/hotspot/src/os/windows/vm/os_windows.cpp:3357), pid=16344, tid=19536
#
# JRE version: Java(TM) SE Runtime Environment (9.0+11) (build 9.0.1+11)
# Java VM: Java HotSpot(TM) 64-Bit Server VM (9.0.1+11, mixed mode, tiered, g1 gc, windows-amd64)
# No core dump will be written. Minidumps are not enabled by default on client versions of Windows
#

---------------  S U M M A R Y ------------

Command Line: -Xmx100000m -Dfile.encoding=Cp1252 EditDistance /sequence/ecoli20000.txt

Host: Intel(R) Core(TM) i5-5200U CPU @ 2.20GHz, 4 cores, 3G,  Windows 7 , 64 bit Build 7601 (6.1.7601.18015)
Time: Tue Apr 17 09:34:47 2018 Central Daylight Time elapsed time: 58 seconds (0d 0h 0m 58s)

---------------  T H R E A D  ---------------

Current thread (0x000000004ebbb000):  VMThread "VM Thread" [stack: 0x000000004ed30000,0x000000004ee30000] [id=19536]

Stack: [0x000000004ed30000,0x000000004ee30000]
[error occurred during error reporting (printing stack bounds), id 0xe0000002]

Native frames: (J=compiled Java code, j=interpreted, Vv=VM code, C=native code)
V  [jvm.dll+0x5870b8]
V  [jvm.dll+0x69c0ee]
V  [jvm.dll+0x69d00a]
V  [jvm.dll+0x69cb95]
V  [jvm.dll+0x69d5ab]
V  [jvm.dll+0x586916]
V  [jvm.dll+0x586ce8]
C  [ntdll.dll+0x29d2d]
C  [ntdll.dll+0x191cf]
C  [ntdll.dll+0x51248]
C  0x0000000008ff0e0d

VM_Operation (0x00000000020ef1b0): G1IncCollectionPause, mode: safepoint, requested by thread 0x0000000000467800


---------------  P R O C E S S  ---------------

Java Threads: ( => current thread )
  0x000000004fdf5000 JavaThread "Service Thread" daemon [_thread_blocked, id=13292, stack(0x0000000050220000,0x0000000050320000)]
  0x000000004ec3a000 JavaThread "Common-Cleaner" daemon [_thread_blocked, id=9320, stack(0x000000004fba0000,0x000000004fca0000)]
  0x000000004ebeb000 JavaThread "Sweeper thread" daemon [_thread_blocked, id=13052, stack(0x000000004fa40000,0x000000004fb40000)]
  0x000000004ebea800 JavaThread "C1 CompilerThread2" daemon [_thread_blocked, id=5868, stack(0x000000004f910000,0x000000004fa10000)]
  0x000000004ebe7800 JavaThread "C2 CompilerThread1" daemon [_thread_blocked, id=19976, stack(0x000000004f7a0000,0x000000004f8a0000)]
  0x000000004ebd6000 JavaThread "C2 CompilerThread0" daemon [_thread_blocked, id=16168, stack(0x000000004ee80000,0x000000004ef80000)]
  0x000000004ebd5000 JavaThread "Attach Listener" daemon [_thread_blocked, id=16616, stack(0x000000004f540000,0x000000004f640000)]
  0x000000004ebd3800 JavaThread "Signal Dispatcher" daemon [_thread_blocked, id=6132, stack(0x000000004f3e0000,0x000000004f4e0000)]
  0x000000004ebc8000 JavaThread "Finalizer" daemon [_thread_blocked, id=15444, stack(0x000000004f200000,0x000000004f300000)]
  0x000000004ebcc000 JavaThread "Reference Handler" daemon [_thread_blocked, id=11904, stack(0x000000004efe0000,0x000000004f0e0000)]
  0x0000000000467800 JavaThread "main" [_thread_blocked, id=3288, stack(0x0000000001ff0000,0x00000000020f0000)]

Other Threads:
=>0x000000004ebbb000 VMThread "VM Thread" [stack: 0x000000004ed30000,0x000000004ee30000] [id=19536]
  0x000000004fdff000 WatcherThread [stack: 0x00000000500f0000,0x00000000501f0000] [id=18376]
  0x000000000047f000 GCTaskThread "GC Thread#0" [stack: 0x00000000183a0000,0x00000000184a0000] [id=7208]
  0x0000000000480800 GCTaskThread "GC Thread#1" [stack: 0x00000000185a0000,0x00000000186a0000] [id=12020]
  0x0000000000482800 GCTaskThread "GC Thread#2" [stack: 0x0000000018780000,0x0000000018880000] [id=19288]
  0x0000000000486000 GCTaskThread "GC Thread#3" [stack: 0x00000000181d0000,0x00000000182d0000] [id=19880]
  0x00000000190cc000 ConcurrentGCThread "G1 Main Marker" [stack: 0x000000004bd40000,0x000000004be40000] [id=19316]
  0x00000000190d0800 ConcurrentGCThread "G1 Marker#0" [stack: 0x000000004be40000,0x000000004bf40000] [id=5028]
  0x0000000000493000 ConcurrentGCThread "G1 Refine#0" [stack: 0x00000000184a0000,0x00000000185a0000] [id=1840]
  0x0000000000492800 ConcurrentGCThread "G1 Refine#1" [stack: 0x0000000019100000,0x0000000019200000] [id=14052]
  0x0000000000492000 ConcurrentGCThread "G1 Refine#2" [stack: 0x0000000018ee0000,0x0000000018fe0000] [id=20264]
  0x0000000000490000 ConcurrentGCThread "G1 Refine#3" [stack: 0x0000000018d10000,0x0000000018e10000] [id=12504]
  0x00000000004a6000 ConcurrentGCThread "G1 Young RemSet Sampling" [stack: 0x0000000019210000,0x0000000019310000] [id=14616]

Threads with active compile tasks:

VM state:at safepoint (normal execution)

VM Mutex/Monitor currently owned by a thread:  ([mutex/lock_event])
[0x0000000000464020] Threads_lock - owner thread: 0x000000004ebbb000
[0x00000000004645c0] Heap_lock - owner thread: 0x0000000000467800

Heap:
 garbage-first heap   total 7962624K, used 1452890K [0x0000000140000000, 0x0000000141000f30, 0x00000019aa000000)
  region size 16384K, 1 young (16384K), 1 survivors (16384K)
 Metaspace       used 5774K, capacity 5931K, committed 6144K, reserved 8192K
Heap Regions: E=young(eden), S=young(survivor), O=old, HS=humongous(starts), HC=humongous(continues), CS=collection set, F=free, A=archive, TS=gc time stamp, AC=allocation context, TAMS=top-at-mark-start (previous, next)
|   0|0x0000000140000000, 0x0000000141000000, 0x0000000141000000|100%| O|  |TS  0|AC  0|TAMS 0x0000000141000000, 0x0000000141000000|
|   1|0x0000000141000000, 0x0000000142000000, 0x0000000142000000|100%| O|  |TS  0|AC  0|TAMS 0x0000000142000000, 0x0000000142000000|
|   2|0x0000000142000000, 0x0000000143000000, 0x0000000143000000|100%| O|  |TS  0|AC  0|TAMS 0x0000000143000000, 0x0000000143000000|
|   3|0x0000000143000000, 0x0000000144000000, 0x0000000144000000|100%| O|  |TS  0|AC  0|TAMS 0x0000000144000000, 0x0000000144000000|
|   4|0x0000000144000000, 0x0000000145000000, 0x0000000145000000|100%| O|  |TS  0|AC  0|TAMS 0x0000000145000000, 0x0000000145000000|
|   5|0x0000000145000000, 0x0000000146000000, 0x0000000146000000|100%| O|  |TS  0|AC  0|TAMS 0x0000000146000000, 0x0000000146000000|
|   6|0x0000000146000000, 0x0000000147000000, 0x0000000147000000|100%| O|  |TS  0|AC  0|TAMS 0x0000000147000000, 0x0000000147000000|
|   7|0x0000000147000000, 0x0000000148000000, 0x0000000148000000|100%| O|  |TS  0|AC  0|TAMS 0x0000000148000000, 0x0000000148000000|
|   8|0x0000000148000000, 0x0000000149000000, 0x0000000149000000|100%| O|  |TS  0|AC  0|TAMS 0x0000000149000000, 0x0000000149000000|
|   9|0x0000000149000000, 0x000000014a000000, 0x000000014a000000|100%| O|  |TS  0|AC  0|TAMS 0x000000014a000000, 0x000000014a000000|
|  10|0x000000014a000000, 0x000000014b000000, 0x000000014b000000|100%| O|  |TS  0|AC  0|TAMS 0x000000014b000000, 0x000000014b000000|
|  11|0x000000014b000000, 0x000000014c000000, 0x000000014c000000|100%| O|  |TS  0|AC  0|TAMS 0x000000014c000000, 0x000000014c000000|
|  12|0x000000014c000000, 0x000000014d000000, 0x000000014d000000|100%| O|  |TS  0|AC  0|TAMS 0x000000014d000000, 0x000000014d000000|
|  13|0x000000014d000000, 0x000000014e000000, 0x000000014e000000|100%| O|  |TS  0|AC  0|TAMS 0x000000014e000000, 0x000000014e000000|
|  14|0x000000014e000000, 0x000000014f000000, 0x000000014f000000|100%| O|  |TS  0|AC  0|TAMS 0x000000014f000000, 0x000000014f000000|
|  15|0x000000014f000000, 0x0000000150000000, 0x0000000150000000|100%| O|  |TS  0|AC  0|TAMS 0x0000000150000000, 0x0000000150000000|
|  16|0x0000000150000000, 0x0000000151000000, 0x0000000151000000|100%| O|  |TS  0|AC  0|TAMS 0x0000000151000000, 0x0000000151000000|
|  17|0x0000000151000000, 0x0000000152000000, 0x0000000152000000|100%| O|  |TS  0|AC  0|TAMS 0x0000000152000000, 0x0000000152000000|
|  18|0x0000000152000000, 0x0000000153000000, 0x0000000153000000|100%| O|  |TS  0|AC  0|TAMS 0x0000000153000000, 0x0000000153000000|
|  19|0x0000000153000000, 0x0000000154000000, 0x0000000154000000|100%| O|  |TS  0|AC  0|TAMS 0x0000000154000000, 0x0000000154000000|
|  20|0x0000000154000000, 0x0000000155000000, 0x0000000155000000|100%| O|  |TS  0|AC  0|TAMS 0x0000000155000000, 0x0000000155000000|
|  21|0x0000000155000000, 0x0000000156000000, 0x0000000156000000|100%| O|  |TS  0|AC  0|TAMS 0x0000000156000000, 0x0000000156000000|
|  22|0x0000000156000000, 0x0000000157000000, 0x0000000157000000|100%| O|  |TS  0|AC  0|TAMS 0x0000000157000000, 0x0000000157000000|
|  23|0x0000000157000000, 0x0000000158000000, 0x0000000158000000|100%| O|  |TS  0|AC  0|TAMS 0x0000000158000000, 0x0000000158000000|
|  24|0x0000000158000000, 0x0000000159000000, 0x0000000159000000|100%| O|  |TS  0|AC  0|TAMS 0x0000000159000000, 0x0000000159000000|
|  25|0x0000000159000000, 0x000000015a000000, 0x000000015a000000|100%| O|  |TS  0|AC  0|TAMS 0x000000015a000000, 0x000000015a000000|
|  26|0x000000015a000000, 0x000000015b000000, 0x000000015b000000|100%| O|  |TS  0|AC  0|TAMS 0x000000015b000000, 0x000000015b000000|
|  27|0x000000015b000000, 0x000000015c000000, 0x000000015c000000|100%| O|  |TS  0|AC  0|TAMS 0x000000015c000000, 0x000000015c000000|
|  28|0x000000015c000000, 0x000000015d000000, 0x000000015d000000|100%| O|  |TS  0|AC  0|TAMS 0x000000015d000000, 0x000000015d000000|
|  29|0x000000015d000000, 0x000000015e000000, 0x000000015e000000|100%| O|  |TS  0|AC  0|TAMS 0x000000015e000000, 0x000000015e000000|
|  30|0x000000015e000000, 0x000000015f000000, 0x000000015f000000|100%| O|  |TS  0|AC  0|TAMS 0x000000015f000000, 0x000000015f000000|
|  31|0x000000015f000000, 0x0000000160000000, 0x0000000160000000|100%| O|  |TS  0|AC  0|TAMS 0x0000000160000000, 0x0000000160000000|
|  32|0x0000000160000000, 0x0000000161000000, 0x0000000161000000|100%| O|  |TS  0|AC  0|TAMS 0x0000000161000000, 0x0000000161000000|
|  33|0x0000000161000000, 0x0000000162000000, 0x0000000162000000|100%| O|  |TS  0|AC  0|TAMS 0x0000000161da9800, 0x0000000162000000|
|  34|0x0000000162000000, 0x0000000163000000, 0x0000000163000000|100%| O|  |TS  0|AC  0|TAMS 0x0000000162000000, 0x0000000163000000|
|  35|0x0000000163000000, 0x0000000164000000, 0x0000000164000000|100%| O|  |TS  0|AC  0|TAMS 0x0000000163000000, 0x0000000164000000|
|  36|0x0000000164000000, 0x0000000165000000, 0x0000000165000000|100%| O|  |TS  0|AC  0|TAMS 0x0000000164000000, 0x0000000165000000|
|  37|0x0000000165000000, 0x0000000166000000, 0x0000000166000000|100%| O|  |TS  1|AC  0|TAMS 0x0000000165000000, 0x0000000166000000|
|  38|0x0000000166000000, 0x0000000167000000, 0x0000000167000000|100%| O|  |TS  1|AC  0|TAMS 0x0000000166000000, 0x0000000167000000|
|  39|0x0000000167000000, 0x0000000168000000, 0x0000000168000000|100%| O|  |TS  1|AC  0|TAMS 0x0000000167000000, 0x0000000168000000|
|  40|0x0000000168000000, 0x0000000169000000, 0x0000000169000000|100%| O|  |TS  1|AC  0|TAMS 0x0000000168000000, 0x0000000169000000|
|  41|0x0000000169000000, 0x000000016a000000, 0x000000016a000000|100%| O|  |TS  1|AC  0|TAMS 0x0000000169000000, 0x000000016a000000|
|  42|0x000000016a000000, 0x000000016b000000, 0x000000016b000000|100%| O|  |TS  1|AC  0|TAMS 0x000000016a000000, 0x000000016b000000|
|  43|0x000000016b000000, 0x000000016c000000, 0x000000016c000000|100%| O|  |TS  1|AC  0|TAMS 0x000000016b000000, 0x000000016c000000|
|  44|0x000000016c000000, 0x000000016d000000, 0x000000016d000000|100%| O|  |TS  1|AC  0|TAMS 0x000000016c000000, 0x000000016d000000|
|  45|0x000000016d000000, 0x000000016e000000, 0x000000016e000000|100%| O|  |TS  1|AC  0|TAMS 0x000000016d000000, 0x000000016e000000|
|  46|0x000000016e000000, 0x000000016f000000, 0x000000016f000000|100%| O|  |TS  1|AC  0|TAMS 0x000000016e000000, 0x000000016f000000|
|  47|0x000000016f000000, 0x0000000170000000, 0x0000000170000000|100%| O|  |TS  1|AC  0|TAMS 0x000000016f000000, 0x0000000170000000|
|  48|0x0000000170000000, 0x0000000171000000, 0x0000000171000000|100%| O|  |TS  1|AC  0|TAMS 0x0000000170000000, 0x0000000171000000|
|  49|0x0000000171000000, 0x0000000172000000, 0x0000000172000000|100%| O|  |TS  3|AC  0|TAMS 0x0000000171000000, 0x0000000172000000|
|  50|0x0000000172000000, 0x0000000173000000, 0x0000000173000000|100%| O|  |TS  1|AC  0|TAMS 0x0000000172000000, 0x0000000173000000|
|  51|0x0000000173000000, 0x0000000174000000, 0x0000000174000000|100%| O|  |TS  1|AC  0|TAMS 0x0000000173000000, 0x0000000174000000|
|  52|0x0000000174000000, 0x0000000175000000, 0x0000000175000000|100%| O|  |TS  1|AC  0|TAMS 0x0000000174000000, 0x0000000175000000|
|  53|0x0000000175000000, 0x0000000176000000, 0x0000000176000000|100%| O|  |TS  1|AC  0|TAMS 0x0000000175000000, 0x0000000176000000|
|  54|0x0000000176000000, 0x0000000177000000, 0x0000000177000000|100%| O|  |TS  1|AC  0|TAMS 0x0000000176000000, 0x0000000177000000|
|  55|0x0000000177000000, 0x0000000178000000, 0x0000000178000000|100%| O|  |TS  1|AC  0|TAMS 0x0000000177000000, 0x0000000178000000|
|  56|0x0000000178000000, 0x0000000179000000, 0x0000000179000000|100%| O|  |TS  1|AC  0|TAMS 0x0000000178000000, 0x0000000179000000|
|  57|0x0000000179000000, 0x000000017a000000, 0x000000017a000000|100%| O|  |TS  1|AC  0|TAMS 0x0000000179000000, 0x000000017a000000|
|  58|0x000000017a000000, 0x000000017b000000, 0x000000017b000000|100%| O|  |TS  1|AC  0|TAMS 0x000000017a000000, 0x000000017b000000|
|  59|0x000000017b000000, 0x000000017c000000, 0x000000017c000000|100%| O|  |TS  1|AC  0|TAMS 0x000000017b000000, 0x000000017c000000|
|  60|0x000000017c000000, 0x000000017d000000, 0x000000017d000000|100%| O|  |TS  1|AC  0|TAMS 0x000000017c000000, 0x000000017d000000|
|  61|0x000000017d000000, 0x000000017e000000, 0x000000017e000000|100%| O|  |TS  1|AC  0|TAMS 0x000000017d000000, 0x000000017e000000|
|  62|0x000000017e000000, 0x000000017f000000, 0x000000017f000000|100%| O|  |TS  1|AC  0|TAMS 0x000000017e000000, 0x000000017f000000|
|  63|0x000000017f000000, 0x0000000180000000, 0x0000000180000000|100%| O|  |TS  1|AC  0|TAMS 0x000000017f000000, 0x0000000180000000|
|  64|0x0000000180000000, 0x0000000181000000, 0x0000000181000000|100%| O|  |TS  1|AC  0|TAMS 0x0000000180000000, 0x0000000181000000|
|  65|0x0000000181000000, 0x0000000182000000, 0x0000000182000000|100%| O|  |TS  1|AC  0|TAMS 0x0000000181000000, 0x0000000182000000|
|  66|0x0000000182000000, 0x0000000183000000, 0x0000000183000000|100%| O|  |TS  1|AC  0|TAMS 0x0000000182000000, 0x0000000183000000|
|  67|0x0000000183000000, 0x0000000184000000, 0x0000000184000000|100%| O|  |TS  3|AC  0|TAMS 0x0000000183000000, 0x0000000184000000|
|  68|0x0000000184000000, 0x0000000185000000, 0x0000000185000000|100%| O|  |TS  3|AC  0|TAMS 0x0000000184000000, 0x0000000185000000|
|  69|0x0000000185000000, 0x0000000186000000, 0x0000000186000000|100%| O|  |TS  3|AC  0|TAMS 0x0000000185000000, 0x0000000186000000|
|  70|0x0000000186000000, 0x0000000187000000, 0x0000000187000000|100%| O|  |TS  3|AC  0|TAMS 0x0000000186000000, 0x0000000187000000|
|  71|0x0000000187000000, 0x0000000188000000, 0x0000000188000000|100%| O|  |TS  3|AC  0|TAMS 0x0000000187000000, 0x0000000188000000|
|  72|0x0000000188000000, 0x0000000189000000, 0x0000000189000000|100%| O|  |TS  3|AC  0|TAMS 0x0000000188000000, 0x0000000189000000|
|  73|0x0000000189000000, 0x000000018a000000, 0x000000018a000000|100%| O|  |TS  5|AC  0|TAMS 0x0000000189000000, 0x000000018a000000|
|  74|0x000000018a000000, 0x000000018b000000, 0x000000018b000000|100%| O|  |TS  5|AC  0|TAMS 0x000000018a000000, 0x000000018b000000|
|  75|0x000000018b000000, 0x000000018c000000, 0x000000018c000000|100%| O|  |TS  5|AC  0|TAMS 0x000000018b000000, 0x000000018c000000|
|  76|0x000000018c000000, 0x000000018d000000, 0x000000018d000000|100%| O|  |TS  5|AC  0|TAMS 0x000000018c000000, 0x000000018d000000|
|  77|0x000000018d000000, 0x000000018e000000, 0x000000018e000000|100%| O|  |TS  5|AC  0|TAMS 0x000000018d000000, 0x000000018e000000|
|  78|0x000000018e000000, 0x000000018f000000, 0x000000018f000000|100%| O|  |TS  5|AC  0|TAMS 0x000000018e000000, 0x000000018f000000|
|  79|0x000000018f000000, 0x0000000190000000, 0x0000000190000000|100%| O|  |TS  5|AC  0|TAMS 0x000000018f000000, 0x0000000190000000|
|  80|0x0000000190000000, 0x0000000191000000, 0x0000000191000000|100%| O|  |TS  7|AC  0|TAMS 0x0000000190000000, 0x0000000190afda00|
|  81|0x0000000191000000, 0x0000000192000000, 0x0000000192000000|100%| O|  |TS  7|AC  0|TAMS 0x0000000191000000, 0x0000000191000000|
|  82|0x0000000192000000, 0x0000000193000000, 0x0000000193000000|100%| O|  |TS  7|AC  0|TAMS 0x0000000192000000, 0x0000000192000000|
|  83|0x0000000193000000, 0x0000000194000000, 0x0000000194000000|100%| O|  |TS  7|AC  0|TAMS 0x0000000193000000, 0x0000000193000000|
|  84|0x0000000194000000, 0x0000000195000000, 0x0000000195000000|100%| O|  |TS  7|AC  0|TAMS 0x0000000194000000, 0x0000000194000000|
|  85|0x0000000195000000, 0x0000000196000000, 0x0000000196000000|100%| O|  |TS  7|AC  0|TAMS 0x0000000195000000, 0x0000000195000000|
|  86|0x0000000196000000, 0x0000000197000000, 0x0000000197000000|100%| O|  |TS  7|AC  0|TAMS 0x0000000196000000, 0x0000000196000000|
|  87|0x0000000197000000, 0x0000000197ad6a00, 0x0000000198000000| 67%| O|  |TS  7|AC  0|TAMS 0x0000000197000000, 0x0000000197000000|
|  88|0x0000000198000000, 0x0000000198000000, 0x0000000199000000|  0%| F|  |TS  0|AC  0|TAMS 0x0000000198000000, 0x0000000198000000|
|  89|0x0000000199000000, 0x0000000199000000, 0x000000019a000000|  0%| F|  |TS  0|AC  0|TAMS 0x0000000199000000, 0x0000000199000000|
|  90|0x000000019a000000, 0x000000019a000000, 0x000000019b000000|  0%| F|  |TS  0|AC  0|TAMS 0x000000019a000000, 0x000000019a000000|
|  91|0x000000019b000000, 0x000000019b000000, 0x000000019c000000|  0%| F|  |TS  0|AC  0|TAMS 0x000000019b000000, 0x000000019b000000|
|  92|0x000000019c000000, 0x000000019c000000, 0x000000019d000000|  0%| F|  |TS  0|AC  0|TAMS 0x000000019c000000, 0x000000019c000000|
|  93|0x000000019d000000, 0x000000019d000000, 0x000000019e000000|  0%| F|  |TS  0|AC  0|TAMS 0x000000019d000000, 0x000000019d000000|
|  94|0x000000019e000000, 0x000000019e000000, 0x000000019f000000|  0%| F|  |TS  0|AC  0|TAMS 0x000000019e000000, 0x000000019e000000|
|  95|0x000000019f000000, 0x000000019f000000, 0x00000001a0000000|  0%| F|  |TS  0|AC  0|TAMS 0x000000019f000000, 0x000000019f000000|
|  96|0x00000001a0000000, 0x00000001a0000000, 0x00000001a1000000|  0%| F|  |TS  0|AC  0|TAMS 0x00000001a0000000, 0x00000001a0000000|
|  97|0x00000001a1000000, 0x00000001a1000000, 0x00000001a2000000|  0%| F|  |TS  0|AC  0|TAMS 0x00000001a1000000, 0x00000001a1000000|
|  98|0x00000001a2000000, 0x00000001a2000000, 0x00000001a3000000|  0%| F|  |TS  0|AC  0|TAMS 0x00000001a2000000, 0x00000001a2000000|
|  99|0x00000001a3000000, 0x00000001a3000000, 0x00000001a4000000|  0%| F|  |TS  0|AC  0|TAMS 0x00000001a3000000, 0x00000001a3000000|
| 100|0x00000001a4000000, 0x00000001a4000000, 0x00000001a5000000|  0%| F|  |TS  0|AC  0|TAMS 0x00000001a4000000, 0x00000001a4000000|
| 101|0x00000001a5000000, 0x00000001a5000000, 0x00000001a6000000|  0%| F|  |TS  0|AC  0|TAMS 0x00000001a5000000, 0x00000001a5000000|
| 102|0x00000001a6000000, 0x00000001a6000000, 0x00000001a7000000|  0%| F|  |TS  0|AC  0|TAMS 0x00000001a6000000, 0x00000001a6000000|
| 103|0x00000001a7000000, 0x00000001a7000000, 0x00000001a8000000|  0%| F|  |TS  0|AC  0|TAMS 0x00000001a7000000, 0x00000001a7000000|
| 104|0x00000001a8000000, 0x00000001a8000000, 0x00000001a9000000|  0%| F|  |TS  0|AC  0|TAMS 0x00000001a8000000, 0x00000001a8000000|
| 105|0x00000001a9000000, 0x00000001a9000000, 0x00000001aa000000|  0%| F|  |TS  0|AC  0|TAMS 0x00000001a9000000, 0x00000001a9000000|
| 106|0x00000001aa000000, 0x00000001aa000000, 0x00000001ab000000|  0%| F|  |TS  0|AC  0|TAMS 0x00000001aa000000, 0x00000001aa000000|
| 107|0x00000001ab000000, 0x00000001ab000000, 0x00000001ac000000|  0%| F|  |TS  0|AC  0|TAMS 0x00000001ab000000, 0x00000001ab000000|
| 108|0x00000001ac000000, 0x00000001ac000000, 0x00000001ad000000|  0%| F|  |TS  0|AC  0|TAMS 0x00000001ac000000, 0x00000001ac000000|
| 109|0x00000001ad000000, 0x00000001ad000000, 0x00000001ae000000|  0%| F|  |TS  0|AC  0|TAMS 0x00000001ad000000, 0x00000001ad000000|
| 110|0x00000001ae000000, 0x00000001ae000000, 0x00000001af000000|  0%| F|  |TS  0|AC  0|TAMS 0x00000001ae000000, 0x00000001ae000000|
| 111|0x00000001af000000, 0x00000001af000000, 0x00000001b0000000|  0%| F|  |TS  0|AC  0|TAMS 0x00000001af000000, 0x00000001af000000|
| 112|0x00000001b0000000, 0x00000001b0000000, 0x00000001b1000000|  0%| F|  |TS  0|AC  0|TAMS 0x00000001b0000000, 0x00000001b0000000|
| 113|0x00000001b1000000, 0x00000001b1000000, 0x00000001b2000000|  0%| F|  |TS  0|AC  0|TAMS 0x00000001b1000000, 0x00000001b1000000|
| 114|0x00000001b2000000, 0x00000001b2000000, 0x00000001b3000000|  0%| F|  |TS  0|AC  0|TAMS 0x00000001b2000000, 0x00000001b2000000|
| 115|0x00000001b3000000, 0x00000001b3000000, 0x00000001b4000000|  0%| F|  |TS  0|AC  0|TAMS 0x00000001b3000000, 0x00000001b3000000|
| 116|0x00000001b4000000, 0x00000001b4000000, 0x00000001b5000000|  0%| F|  |TS  0|AC  0|TAMS 0x00000001b4000000, 0x00000001b4000000|
| 117|0x00000001b5000000, 0x00000001b5000000, 0x00000001b6000000|  0%| F|  |TS  0|AC  0|TAMS 0x00000001b5000000, 0x00000001b5000000|
| 118|0x00000001b6000000, 0x00000001b6000000, 0x00000001b7000000|  0%| F|  |TS  0|AC  0|TAMS 0x00000001b6000000, 0x00000001b6000000|
| 119|0x00000001b7000000, 0x00000001b7000000, 0x00000001b8000000|  0%| F|  |TS  0|AC  0|TAMS 0x00000001b7000000, 0x00000001b7000000|
| 120|0x00000001b8000000, 0x00000001b8000000, 0x00000001b9000000|  0%| F|  |TS  0|AC  0|TAMS 0x00000001b8000000, 0x00000001b8000000|
| 121|0x00000001b9000000, 0x00000001b9000000, 0x00000001ba000000|  0%| F|  |TS  0|AC  0|TAMS 0x00000001b9000000, 0x00000001b9000000|
| 122|0x00000001ba000000, 0x00000001ba000000, 0x00000001bb000000|  0%| F|  |TS  0|AC  0|TAMS 0x00000001ba000000, 0x00000001ba000000|
| 123|0x00000001bb000000, 0x00000001bb000000, 0x00000001bc000000|  0%| F|  |TS  0|AC  0|TAMS 0x00000001bb000000, 0x00000001bb000000|
| 124|0x00000001bc000000, 0x00000001bc000000, 0x00000001bd000000|  0%| F|  |TS  3|AC  0|TAMS 0x00000001bc000000, 0x00000001bc000000|
| 125|0x00000001bd000000, 0x00000001bd000000, 0x00000001be000000|  0%| F|  |TS  3|AC  0|TAMS 0x00000001bd000000, 0x00000001bd000000|
| 126|0x00000001be000000, 0x00000001be000000, 0x00000001bf000000|  0%| F|  |TS  3|AC  0|TAMS 0x00000001be000000, 0x00000001be000000|
| 127|0x00000001bf000000, 0x00000001bf000000, 0x00000001c0000000|  0%| F|  |TS  3|AC  0|TAMS 0x00000001bf000000, 0x00000001bf000000|
| 128|0x00000001c0000000, 0x00000001c0000000, 0x00000001c1000000|  0%| F|  |TS  3|AC  0|TAMS 0x00000001c0000000, 0x00000001c0000000|
| 129|0x00000001c1000000, 0x00000001c1000000, 0x00000001c2000000|  0%| F|  |TS  1|AC  0|TAMS 0x00000001c1000000, 0x00000001c1000000|
| 130|0x00000001c2000000, 0x00000001c2000000, 0x00000001c3000000|  0%| F|  |TS  1|AC  0|TAMS 0x00000001c2000000, 0x00000001c2000000|
| 131|0x00000001c3000000, 0x00000001c3000000, 0x00000001c4000000|  0%| F|  |TS  1|AC  0|TAMS 0x00000001c3000000, 0x00000001c3000000|
| 132|0x00000001c4000000, 0x00000001c4000000, 0x00000001c5000000|  0%| F|  |TS  1|AC  0|TAMS 0x00000001c4000000, 0x00000001c4000000|
| 133|0x00000001c5000000, 0x00000001c5000000, 0x00000001c6000000|  0%| F|  |TS  1|AC  0|TAMS 0x00000001c5000000, 0x00000001c5000000|
| 134|0x00000001c6000000, 0x00000001c6000000, 0x00000001c7000000|  0%| F|  |TS  1|AC  0|TAMS 0x00000001c6000000, 0x00000001c6000000|
| 135|0x00000001c7000000, 0x00000001c7000000, 0x00000001c8000000|  0%| F|  |TS  1|AC  0|TAMS 0x00000001c7000000, 0x00000001c7000000|
| 136|0x00000001c8000000, 0x00000001c8000000, 0x00000001c9000000|  0%| F|  |TS  1|AC  0|TAMS 0x00000001c8000000, 0x00000001c8000000|
| 137|0x00000001c9000000, 0x00000001c9000000, 0x00000001ca000000|  0%| F|  |TS  1|AC  0|TAMS 0x00000001c9000000, 0x00000001c9000000|
| 138|0x00000001ca000000, 0x00000001ca000000, 0x00000001cb000000|  0%| F|  |TS  1|AC  0|TAMS 0x00000001ca000000, 0x00000001ca000000|
| 139|0x00000001cb000000, 0x00000001cb000000, 0x00000001cc000000|  0%| F|  |TS  1|AC  0|TAMS 0x00000001cb000000, 0x00000001cb000000|
| 140|0x00000001cc000000, 0x00000001cc000000, 0x00000001cd000000|  0%| F|  |TS  1|AC  0|TAMS 0x00000001cc000000, 0x00000001cc000000|
| 141|0x00000001cd000000, 0x00000001cd000000, 0x00000001ce000000|  0%| F|  |TS  1|AC  0|TAMS 0x00000001cd000000, 0x00000001cd000000|
| 142|0x00000001ce000000, 0x00000001ce000000, 0x00000001cf000000|  0%| F|  |TS  1|AC  0|TAMS 0x00000001ce000000, 0x00000001ce000000|
| 143|0x00000001cf000000, 0x00000001cf000000, 0x00000001d0000000|  0%| F|  |TS  1|AC  0|TAMS 0x00000001cf000000, 0x00000001cf000000|
| 144|0x00000001d0000000, 0x00000001d0000000, 0x00000001d1000000|  0%| F|  |TS  1|AC  0|TAMS 0x00000001d0000000, 0x00000001d0000000|
| 145|0x00000001d1000000, 0x00000001d1000000, 0x00000001d2000000|  0%| F|  |TS  1|AC  0|TAMS 0x00000001d1000000, 0x00000001d1000000|
| 146|0x00000001d2000000, 0x00000001d2000000, 0x00000001d3000000|  0%| F|  |TS  1|AC  0|TAMS 0x00000001d2000000, 0x00000001d2000000|
| 147|0x00000001d3000000, 0x00000001d3000000, 0x00000001d4000000|  0%| F|  |TS  1|AC  0|TAMS 0x00000001d3000000, 0x00000001d3000000|
| 148|0x00000001d4000000, 0x00000001d4000000, 0x00000001d5000000|  0%| F|  |TS  1|AC  0|TAMS 0x00000001d4000000, 0x00000001d4000000|
| 149|0x00000001d5000000, 0x00000001d5000000, 0x00000001d6000000|  0%| F|  |TS  1|AC  0|TAMS 0x00000001d5000000, 0x00000001d5000000|
| 150|0x00000001d6000000, 0x00000001d6000000, 0x00000001d7000000|  0%| F|  |TS  1|AC  0|TAMS 0x00000001d6000000, 0x00000001d6000000|
| 151|0x00000001d7000000, 0x00000001d7000000, 0x00000001d8000000|  0%| F|  |TS  1|AC  0|TAMS 0x00000001d7000000, 0x00000001d7000000|
| 152|0x00000001d8000000, 0x00000001d8000000, 0x00000001d9000000|  0%| F|  |TS  1|AC  0|TAMS 0x00000001d8000000, 0x00000001d8000000|
| 153|0x00000001d9000000, 0x00000001d9000000, 0x00000001da000000|  0%| F|  |TS  7|AC  0|TAMS 0x00000001d9000000, 0x00000001d9000000|
| 154|0x00000001da000000, 0x00000001db000000, 0x00000001db000000|100%| S|CS|TS  7|AC  0|TAMS 0x00000001da000000, 0x00000001da000000|
| 155|0x00000001db000000, 0x00000001db000000, 0x00000001dc000000|  0%| F|  |TS  7|AC  0|TAMS 0x00000001db000000, 0x00000001db000000|
| 156|0x00000001dc000000, 0x00000001dc000000, 0x00000001dd000000|  0%| F|  |TS  7|AC  0|TAMS 0x00000001dc000000, 0x00000001dc000000|
| 157|0x00000001dd000000, 0x00000001dd000000, 0x00000001de000000|  0%| F|  |TS  7|AC  0|TAMS 0x00000001dd000000, 0x00000001dd000000|
| 158|0x00000001de000000, 0x00000001de000000, 0x00000001df000000|  0%| F|  |TS  7|AC  0|TAMS 0x00000001de000000, 0x00000001de000000|
| 159|0x00000001df000000, 0x00000001df000000, 0x00000001e0000000|  0%| F|  |TS  7|AC  0|TAMS 0x00000001df000000, 0x00000001df000000|
| 160|0x00000001e0000000, 0x00000001e0000000, 0x00000001e1000000|  0%| F|  |TS  7|AC  0|TAMS 0x00000001e0000000, 0x00000001e0000000|
| 161|0x00000001e1000000, 0x00000001e1000000, 0x00000001e2000000|  0%| F|  |TS  7|AC  0|TAMS 0x00000001e1000000, 0x00000001e1000000|

Card table byte_map: [0x0000000031cc0000,0x000000003e010000] byte_map_base: 0x00000000312c0000

Marking Bits (Prev, Next): (CMBitMap*) 0x00000000190cb2f8, (CMBitMap*) 0x00000000190cb2c0
 Prev Bits: [0x00000019aa000000, 0x0000001a0ba80000)
 Next Bits: [0x000000007fff0000, 0x00000000e1a70000)

Polling page: 0x00000000000e0000

CodeHeap 'non-profiled nmethods': size=120064Kb used=88Kb max_used=88Kb free=119975Kb
 bounds [0x0000000010ab0000, 0x0000000010d20000, 0x0000000017ff0000]
CodeHeap 'profiled nmethods': size=120000Kb used=351Kb max_used=351Kb free=119648Kb
 bounds [0x0000000009580000, 0x00000000097f0000, 0x0000000010ab0000]
CodeHeap 'non-nmethods': size=5696Kb used=1189Kb max_used=1203Kb free=4506Kb
 bounds [0x0000000008ff0000, 0x0000000009260000, 0x0000000009580000]
 total_blobs=705 nmethods=275 adapters=249
 compilation: enabled

Compilation events (10 events):
Event: 6.699 Thread 0x000000004ebea800 nmethod 270 0x00000000095d6a90 code [0x00000000095d6c40, 0x00000000095d6f10]
Event: 6.699 Thread 0x000000004ebe7800  272       4       java.util.regex.Pattern::lambda$DOT$5 (34 bytes)
Event: 6.700 Thread 0x000000004ebe7800 nmethod 272 0x0000000010ac4710 code [0x0000000010ac48a0, 0x0000000010ac4938]
Event: 6.700 Thread 0x000000004ebe7800  273       4       java.util.regex.Pattern$$Lambda$15/566034357::is (5 bytes)
Event: 6.701 Thread 0x000000004ebe7800 nmethod 273 0x0000000010ac4a10 code [0x0000000010ac4ba0, 0x0000000010ac4c58]
Event: 6.701 Thread 0x000000004ebea800  274 %     3       java.lang.StringUTF16::compress @ 3 (50 bytes)
Event: 6.702 Thread 0x000000004ebea800 nmethod 274% 0x00000000095d7010 code [0x00000000095d71e0, 0x00000000095d74f0]
Event: 6.702 Thread 0x000000004ebea800  275       3       java.lang.StringUTF16::compress (50 bytes)
Event: 6.702 Thread 0x000000004ebea800 nmethod 275 0x00000000095d7690 code [0x00000000095d7860, 0x00000000095d7af0]
Event: 6.730 Thread 0x000000004ebd6000 nmethod 271% 0x0000000010ac4d10 code [0x0000000010ac4f00, 0x0000000010ac5a90]

GC Heap History (10 events):
Event: 7.112 GC heap after
{Heap after GC invocations=19 (full 0):
 garbage-first heap   total 884736K, used 571046K [0x0000000140000000, 0x00000001410001b0, 0x00000019aa000000)
  region size 16384K, 1 young (16384K), 1 survivors (16384K)
 Metaspace       used 5774K, capacity 5931K, committed 6144K, reserved 8192K
}
Event: 7.121 GC heap before
{Heap before GC invocations=19 (full 0):
 garbage-first heap   total 884736K, used 636582K [0x0000000140000000, 0x00000001410001b0, 0x00000019aa000000)
  region size 16384K, 5 young (81920K), 1 survivors (16384K)
 Metaspace       used 5774K, capacity 5931K, committed 6144K, reserved 8192K
}
Event: 7.151 GC heap after
{Heap after GC invocations=20 (full 0):
 garbage-first heap   total 2654208K, used 636582K [0x0000000140000000, 0x0000000141000510, 0x00000019aa000000)
  region size 16384K, 1 young (16384K), 1 survivors (16384K)
 Metaspace       used 5774K, capacity 5931K, committed 6144K, reserved 8192K
}
Event: 7.442 GC heap before
{Heap before GC invocations=21 (full 0):
 garbage-first heap   total 2654208K, used 1177254K [0x0000000140000000, 0x0000000141000510, 0x00000019aa000000)
  region size 16384K, 34 young (557056K), 1 survivors (16384K)
 Metaspace       used 5774K, capacity 5931K, committed 6144K, reserved 8192K
}
Event: 23.596 GC heap after
{Heap after GC invocations=22 (full 0):
 garbage-first heap   total 2654208K, used 1174675K [0x0000000140000000, 0x0000000141000510, 0x00000019aa000000)
  region size 16384K, 5 young (81920K), 5 survivors (81920K)
 Metaspace       used 5774K, capacity 5931K, committed 6144K, reserved 8192K
}
Event: 25.318 GC heap before
{Heap before GC invocations=22 (full 0):
 garbage-first heap   total 2654208K, used 1223827K [0x0000000140000000, 0x0000000141000510, 0x00000019aa000000)
  region size 16384K, 8 young (131072K), 5 survivors (81920K)
 Metaspace       used 5774K, capacity 5931K, committed 6144K, reserved 8192K
}
Event: 25.523 GC heap after
{Heap after GC invocations=23 (full 0):
 garbage-first heap   total 2654208K, used 1223827K [0x0000000140000000, 0x0000000141000510, 0x00000019aa000000)
  region size 16384K, 1 young (16384K), 1 survivors (16384K)
 Metaspace       used 5774K, capacity 5931K, committed 6144K, reserved 8192K
}
Event: 25.540 GC heap before
{Heap before GC invocations=23 (full 0):
 garbage-first heap   total 2654208K, used 1338515K [0x0000000140000000, 0x0000000141000510, 0x00000019aa000000)
  region size 16384K, 8 young (131072K), 1 survivors (16384K)
 Metaspace       used 5774K, capacity 5931K, committed 6144K, reserved 8192K
}
Event: 29.050 GC heap after
{Heap after GC invocations=24 (full 0):
 garbage-first heap   total 2654208K, used 1338358K [0x0000000140000000, 0x0000000141000510, 0x00000019aa000000)
  region size 16384K, 1 young (16384K), 1 survivors (16384K)
 Metaspace       used 5774K, capacity 5931K, committed 6144K, reserved 8192K
}
Event: 30.259 GC heap before
{Heap before GC invocations=24 (full 0):
 garbage-first heap   total 2654208K, used 1453046K [0x0000000140000000, 0x0000000141000510, 0x00000019aa000000)
  region size 16384K, 8 young (131072K), 1 survivors (16384K)
 Metaspace       used 5774K, capacity 5931K, committed 6144K, reserved 8192K
}

Deoptimization events (3 events):
Event: 6.697 Thread 0x0000000000467800 Uncommon trap: reason=unstable_if action=reinterpret pc=0x0000000010ac0800 method=java.util.regex.Pattern.lambda$DOT$5(I)Z @ 3 c2
Event: 6.697 Thread 0x0000000000467800 Uncommon trap: reason=unstable_if action=reinterpret pc=0x0000000010ac123c method=java.util.regex.Pattern.lambda$clazz$1(Ljava/util/regex/Pattern$BitClass;I)Z @ 13 c2
Event: 6.701 Thread 0x0000000000467800 Uncommon trap: reason=unstable_if action=reinterpret pc=0x0000000010ac38f4 method=java.util.regex.Pattern.lambda$clazz$1(Ljava/util/regex/Pattern$BitClass;I)Z @ 13 c2

Classes redefined (0 events):
No events

Internal exceptions (3 events):
Event: 6.538 Thread 0x0000000000467800 Exception <a 'java/lang/NoSuchMethodError'{0x0000000143281158}: java.lang.Object.lambda$negate$3(I)Z> (0x0000000143281158) thrown at [t:/workspace/hotspot/src/share/vm/interpreter/linkResolver.cpp, line 731]
Event: 6.539 Thread 0x0000000000467800 Exception <a 'java/lang/NoSuchMethodError'{0x0000000143285b50}: java.lang.Object.lambda$and$0(Ljava/util/regex/Pattern$CharPredicate;I)Z> (0x0000000143285b50) thrown at [t:/workspace/hotspot/src/share/vm/interpreter/linkResolver.cpp, line 731]
Event: 6.676 Thread 0x0000000000467800 Exception <a 'java/lang/NoSuchMethodError'{0x00000001432ff618}: java.lang.Object.lambda$union$2(Ljava/util/regex/Pattern$CharPredicate;I)Z> (0x00000001432ff618) thrown at [t:/workspace/hotspot/src/share/vm/interpreter/linkResolver.cpp, line 731]

Events (10 events):
Event: 7.160 Executing VM operation: CGC_Operation done
Event: 7.162 Executing VM operation: CGC_Operation
Event: 7.167 Executing VM operation: CGC_Operation done
Event: 7.442 Executing VM operation: G1IncCollectionPause
Event: 24.394 Executing VM operation: G1IncCollectionPause done
Event: 24.421 Executing VM operation: G1IncCollectionPause
Event: 25.523 Executing VM operation: G1IncCollectionPause done
Event: 25.540 Executing VM operation: G1IncCollectionPause
Event: 29.050 Executing VM operation: G1IncCollectionPause done
Event: 29.171 Executing VM operation: G1IncCollectionPause


Dynamic libraries:
0x000000013f0d0000 - 0x000000013f10e000 	C:\Program Files\Java\jre-9.0.1\bin\javaw.exe
0x0000000077bc0000 - 0x0000000077d69000 	C:\Windows\SYSTEM32\ntdll.dll
0x0000000077aa0000 - 0x0000000077bbf000 	C:\Windows\system32\kernel32.dll
0x000007fefd990000 - 0x000007fefd9fb000 	C:\Windows\system32\KERNELBASE.dll
0x000007fefe090000 - 0x000007fefe16b000 	C:\Windows\system32\ADVAPI32.dll
0x000007feffce0000 - 0x000007feffd7f000 	C:\Windows\system32\msvcrt.dll
0x000007fefe020000 - 0x000007fefe03f000 	C:\Windows\SYSTEM32\sechost.dll
0x000007fefeb00000 - 0x000007fefec2d000 	C:\Windows\system32\RPCRT4.dll
0x00000000779a0000 - 0x0000000077a9a000 	C:\Windows\system32\USER32.dll
0x000007feffe60000 - 0x000007feffec7000 	C:\Windows\system32\GDI32.dll
0x000007fefeaf0000 - 0x000007fefeafe000 	C:\Windows\system32\LPK.dll
0x000007fefe650000 - 0x000007fefe719000 	C:\Windows\system32\USP10.dll
0x000007fefbfd0000 - 0x000007fefc1c4000 	C:\Windows\WinSxS\amd64_microsoft.windows.common-controls_6595b64144ccf1df_6.0.7601.17514_none_fa396087175ac9ac\COMCTL32.dll
0x000007fefdf90000 - 0x000007fefe001000 	C:\Windows\system32\SHLWAPI.dll
0x000007fefcd80000 - 0x000007fefcd8c000 	C:\Windows\system32\VERSION.dll
0x000007fefe720000 - 0x000007fefe74e000 	C:\Windows\system32\IMM32.DLL
0x000007feff9c0000 - 0x000007feffac9000 	C:\Windows\system32\MSCTF.dll
0x000007fee8cf0000 - 0x000007fee8ddf000 	C:\Program Files\Java\jre-9.0.1\bin\msvcr120.dll
0x000007fee9270000 - 0x000007fee9316000 	C:\Program Files\Java\jre-9.0.1\bin\msvcp120.dll
0x000000005f350000 - 0x000000005fd74000 	C:\Program Files\Java\jre-9.0.1\bin\server\jvm.dll
0x000007fef2c70000 - 0x000007fef2c79000 	C:\Windows\system32\WSOCK32.dll
0x000007fefe040000 - 0x000007fefe08d000 	C:\Windows\system32\WS2_32.dll
0x000007fefe010000 - 0x000007fefe018000 	C:\Windows\system32\NSI.dll
0x000007fef9950000 - 0x000007fef998b000 	C:\Windows\system32\WINMM.dll
0x0000000077d80000 - 0x0000000077d87000 	C:\Windows\system32\PSAPI.DLL
0x000007fefa470000 - 0x000007fefa47f000 	C:\Program Files\Java\jre-9.0.1\bin\verify.dll
0x000007feeac60000 - 0x000007feeac87000 	C:\Program Files\Java\jre-9.0.1\bin\java.dll
0x000007fef3e50000 - 0x000007fef3e66000 	C:\Program Files\Java\jre-9.0.1\bin\zip.dll
0x000007fefa340000 - 0x000007fefa34a000 	C:\Program Files\Java\jre-9.0.1\bin\jimage.dll
0x000007fefec30000 - 0x000007feff9b8000 	C:\Windows\system32\SHELL32.dll
0x000007feffad0000 - 0x000007feffcd3000 	C:\Windows\system32\ole32.dll
0x000007fefd970000 - 0x000007fefd97f000 	C:\Windows\system32\profapi.dll
0x000007feeb310000 - 0x000007feeb32a000 	C:\Program Files\Java\jre-9.0.1\bin\net.dll
0x000007fef3b70000 - 0x000007fef3be1000 	C:\Windows\system32\WINHTTP.dll
0x000007fef3a60000 - 0x000007fef3ac4000 	C:\Windows\system32\webio.dll
0x000007fefd110000 - 0x000007fefd165000 	C:\Windows\system32\mswsock.dll
0x000007fefd100000 - 0x000007fefd107000 	C:\Windows\System32\wship6.dll
0x000007feeaea0000 - 0x000007feeaeb1000 	C:\Program Files\Java\jre-9.0.1\bin\nio.dll
0x000007fef9390000 - 0x000007fef94b5000 	C:\Windows\system32\dbghelp.dll

VM Arguments:
jvm_args: -Xmx100000m -Dfile.encoding=Cp1252 
java_command: EditDistance /sequence/ecoli20000.txt
java_class_path (initial): C:\Users\Lam\eclipse-workspace\Project5\bin;C:\Users\Lam\eclipse-workspace\Project5\lib\stdlib.jar
Launcher Type: SUN_STANDARD

Logging:
Log output configuration:
#0: stdout all=warning uptime,level,tags
#1: stderr all=off uptime,level,tags

Environment Variables:
PATH=C:/Program Files/Java/jdk-9.0.1/bin/server;C:/Program Files/Java/jdk-9.0.1/bin;C:\Program Files\Java\jdk-9.0.1\bin;C:\Program Files\Intel\WiFi\bin\;C:\Program Files\Common Files\Intel\WirelessCommon\;C:\Program Files\nodejs\;C:\Program Files\Git\cmd;C:\Windows\twain_32\CNQL25;C:\Program Files\Microsoft VS Code\bin;C:\Program Files\Intel\WiFi\bin\;C:\Program Files\Common Files\Intel\WirelessCommon\;C:\Users\Lam\AppData\Roaming\npm;C:\Users\Lam\Desktop;
USERNAME=Lam
OS=Windows_NT
PROCESSOR_IDENTIFIER=Intel64 Family 6 Model 61 Stepping 4, GenuineIntel



---------------  S Y S T E M  ---------------

OS: Windows 7 , 64 bit Build 7601 (6.1.7601.18015)

CPU:total 4 (initial active 4) (2 cores per cpu, 2 threads per core) family 6 model 61 stepping 4, cmov, cx8, fxsr, mmx, sse, sse2, sse3, ssse3, sse4.1, sse4.2, popcnt, avx, avx2, aes, clmul, erms, 3dnowpref, lzcnt, ht, tsc, tscinvbit, bmi1, bmi2, adx, fma

Memory: 4k page, physical 3883392k(491876k free), swap 15343924k(5304476k free)

vm_info: Java HotSpot(TM) 64-Bit Server VM (9.0.1+11) for windows-amd64 JRE (9.0.1+11), built on Sep 28 2017 04:54:03 by "mach5one" with MS VC++ 12.0 (VS2013)

END.
